
## Package Plan ##

  environment location: /home/abhijith/.conda/envs/cma


The following packages will be REMOVED:

  _libgcc_mutex-0.1-conda_forge
  _openmp_mutex-4.5-2_kmp_llvm
  absl-py-1.4.0-pyhd8ed1ab_0
  aiohttp-3.8.5-py311h459d7ec_0
  aiosignal-1.3.1-pyhd8ed1ab_0
  antlr-python-runtime-4.9.3-pyhd8ed1ab_1
  async-timeout-4.0.3-pyhd8ed1ab_0
  attrs-23.1.0-pyh71513ae_1
  aws-c-auth-0.7.0-hbbaa140_3
  aws-c-cal-0.6.0-h93469e0_0
  aws-c-common-0.8.23-hd590300_0
  aws-c-compression-0.2.17-h862ab75_1
  aws-c-event-stream-0.3.1-h9599702_1
  aws-c-http-0.7.11-hbe98c3e_0
  aws-c-io-0.13.28-h3870b5a_0
  aws-c-mqtt-0.9.0-h2e270ba_0
  aws-c-s3-0.3.13-heb0bb06_2
  aws-c-sdkutils-0.1.12-h862ab75_0
  aws-checksums-0.1.16-h862ab75_1
  aws-crt-cpp-0.21.0-h87b6960_2
  aws-sdk-cpp-1.10.57-h7062fed_18
  blas-2.116-mkl
  blas-devel-3.9.0-16_linux64_mkl
  blinker-1.6.2-pyhd8ed1ab_0
  brotlipy-0.7.0-py311hd4cff14_1005
  bzip2-1.0.8-h7f98852_4
  c-ares-1.19.1-hd590300_0
  ca-certificates-2023.7.22-hbcca054_0
  cachetools-5.3.1-pyhd8ed1ab_0
  certifi-2023.7.22-pyhd8ed1ab_0
  cffi-1.15.1-py311h409f033_3
  charset-normalizer-3.2.0-pyhd8ed1ab_0
  click-8.1.6-unix_pyh707e725_0
  colorama-0.4.6-pyhd8ed1ab_0
  cryptography-41.0.3-py311h63ff55d_0
  cuda-cudart-11.8.89-0
  cuda-cupti-11.8.87-0
  cuda-libraries-11.8.0-0
  cuda-nvrtc-11.8.89-0
  cuda-nvtx-11.8.86-0
  cuda-runtime-11.8.0-0
  dataclasses-0.8-pyhc8e2a94_3
  datasets-2.14.4-pyhd8ed1ab_0
  dill-0.3.7-pyhd8ed1ab_0
  ffmpeg-4.3-hf484d3e_0
  filelock-3.12.2-pyhd8ed1ab_0
  freetype-2.12.1-hca18f0e_1
  frozenlist-1.4.0-py311h459d7ec_0
  fsspec-2023.6.0-pyh1a96a4e_0
  gflags-2.2.2-he1b5a44_1004
  glog-0.6.0-h6f12383_0
  gmp-6.2.1-h58526e2_0
  gmpy2-2.1.2-py311h6a5fa03_1
  gnutls-3.6.13-h85f3911_1
  google-auth-2.22.0-pyh1a96a4e_0
  google-auth-oauthlib-1.0.0-pyhd8ed1ab_1
  grpcio-1.56.2-py311ha6695c7_0
  huggingface_hub-0.16.4-pyhd8ed1ab_0
  hydra-core-1.3.2-pyhd8ed1ab_0
  icu-72.1-hcb278e6_0
  idna-3.4-pyhd8ed1ab_0
  importlib-metadata-6.8.0-pyha770c72_0
  importlib_metadata-6.8.0-hd8ed1ab_0
  importlib_resources-6.0.1-pyhd8ed1ab_0
  jinja2-3.1.2-pyhd8ed1ab_1
  joblib-1.3.2-pyhd8ed1ab_0
  jpeg-9e-h0b41bf4_3
  keyutils-1.6.1-h166bdaf_0
  krb5-1.21.1-h659d440_0
  lame-3.100-h166bdaf_1003
  lcms2-2.15-hfd0df8a_0
  ld_impl_linux-64-2.40-h41732ed_0
  lerc-4.0.0-h27087fc_0
  libabseil-20230125.3-cxx17_h59595ed_0
  libarrow-12.0.1-h10ac928_8_cpu
  libblas-3.9.0-16_linux64_mkl
  libbrotlicommon-1.0.9-h166bdaf_9
  libbrotlidec-1.0.9-h166bdaf_9
  libbrotlienc-1.0.9-h166bdaf_9
  libcblas-3.9.0-16_linux64_mkl
  libcrc32c-1.1.2-h9c3ff4c_0
  libcublas-11.11.3.6-0
  libcufft-10.9.0.58-0
  libcufile-1.7.1.12-0
  libcurand-10.3.3.129-0
  libcurl-8.2.1-hca28451_0
  libcusolver-11.4.1.48-0
  libcusparse-11.7.5.86-0
  libdeflate-1.17-h0b41bf4_0
  libedit-3.1.20191231-he28a2e2_2
  libev-4.33-h516909a_1
  libevent-2.1.12-hf998b51_1
  libexpat-2.5.0-hcb278e6_1
  libffi-3.4.2-h7f98852_5
  libgcc-ng-13.1.0-he5830b7_0
  libgfortran-ng-13.1.0-h69a702a_0
  libgfortran5-13.1.0-h15d22d2_0
  libgoogle-cloud-2.12.0-h840a212_1
  libgrpc-1.56.2-h3905398_0
  libhwloc-2.9.2-nocuda_h7313eea_1008
  libiconv-1.17-h166bdaf_0
  liblapack-3.9.0-16_linux64_mkl
  liblapacke-3.9.0-16_linux64_mkl
  libnghttp2-1.52.0-h61bc06f_0
  libnpp-11.8.0.86-0
  libnsl-2.0.0-h7f98852_0
  libnuma-2.0.16-h0b41bf4_1
  libnvjpeg-11.9.0.86-0
  libpng-1.6.39-h753d276_0
  libprotobuf-4.23.3-hd1fb520_0
  libsqlite-3.42.0-h2797004_0
  libssh2-1.11.0-h0841786_0
  libstdcxx-ng-13.1.0-hfd8a6a1_0
  libthrift-0.18.1-h8fd135c_2
  libtiff-4.5.0-h6adf6a1_2
  libutf8proc-2.8.0-h166bdaf_0
  libuuid-2.38.1-h0b41bf4_0
  libwebp-base-1.3.1-hd590300_0
  libxcb-1.13-h7f98852_1004
  libxml2-2.11.5-h0d562d8_0
  libzlib-1.2.13-hd590300_5
  lightning-utilities-0.9.0-pyhd8ed1ab_0
  llvm-openmp-16.0.6-h4dfa4b3_0
  lz4-c-1.9.4-hcb278e6_0
  markdown-3.4.4-pyhd8ed1ab_0
  markupsafe-2.1.3-py311h459d7ec_0
  mkl-2022.1.0-h84fe81f_915
  mkl-devel-2022.1.0-ha770c72_916
  mkl-include-2022.1.0-h84fe81f_915
  mpc-1.3.1-hfe3b2da_0
  mpfr-4.2.0-hb012696_0
  mpmath-1.3.0-pyhd8ed1ab_0
  multidict-6.0.4-py311h2582759_0
  multiprocess-0.70.15-py311h459d7ec_0
  ncurses-6.4-hcb278e6_0
  nettle-3.6-he412f7d_0
  networkx-3.1-pyhd8ed1ab_0
  numpy-1.25.2-py311h64a7726_0
  oauthlib-3.2.2-pyhd8ed1ab_0
  omegaconf-2.3.0-pyhd8ed1ab_0
  openh264-2.1.1-h780b84a_0
  openjpeg-2.5.0-hfec8fc6_2
  openssl-3.1.2-hd590300_0
  orc-1.9.0-h385abfd_1
  packaging-23.1-pyhd8ed1ab_0
  pandas-2.0.3-py311h320fe9a_1
  pillow-9.4.0-py311h50def17_1
  pip-23.2.1-pyhd8ed1ab_0
  platformdirs-3.10.0-pyhd8ed1ab_0
  polars-0.18.11-py311h46250e7_0
  pooch-1.7.0-pyha770c72_3
  protobuf-4.23.3-py311hbec7ed6_0
  pthread-stubs-0.4-h36c2ea0_1001
  pyarrow-12.0.1-py311h39c9aba_8_cpu
  pyasn1-0.4.8-py_0
  pyasn1-modules-0.2.7-py_0
  pycparser-2.21-pyhd8ed1ab_0
  pyjwt-2.8.0-pyhd8ed1ab_0
  pyopenssl-23.2.0-pyhd8ed1ab_1
  pysocks-1.7.1-pyha2e5f31_6
  python-3.11.4-hab00c5b_0_cpython
  python-dateutil-2.8.2-pyhd8ed1ab_0
  python-tzdata-2023.3-pyhd8ed1ab_0
  python-xxhash-3.2.0-py311h2582759_0
  python_abi-3.11-3_cp311
  pytorch-2.0.1-py3.11_cuda11.8_cudnn8.7.0_0
  pytorch-cuda-11.8-h7e8668a_5
  pytorch-lightning-2.0.6-pyhd8ed1ab_0
  pytorch-mutex-1.0-cuda
  pytz-2023.3-pyhd8ed1ab_0
  pyu2f-0.1.5-pyhd8ed1ab_0
  pyyaml-6.0-py311hd4cff14_5
  rdma-core-28.9-h59595ed_1
  re2-2023.03.02-h8c504da_0
  readline-8.2-h8228510_1
  regex-2023.8.8-py311h459d7ec_0
  requests-2.31.0-pyhd8ed1ab_0
  requests-oauthlib-1.3.1-pyhd8ed1ab_0
  rocm-smi-5.6.0-h59595ed_1
  rsa-4.9-pyhd8ed1ab_0
  s2n-1.3.46-h06160fa_0
  sacremoses-0.0.53-pyhd8ed1ab_0
  safetensors-0.3.2-py311h46250e7_0
  scikit-learn-1.3.0-py311hc009520_0
  scipy-1.11.1-py311h64a7726_0
  setuptools-68.0.0-pyhd8ed1ab_0
  six-1.16.0-pyh6c4a22f_0
  snappy-1.1.10-h9fff704_0
  sympy-1.12-pypyh9d50eac_103
  tbb-2021.10.0-h00ab1b0_0
  tensorboard-2.14.0-pyhd8ed1ab_0
  tensorboard-data-server-0.7.0-py311h9b4c7bb_0
  threadpoolctl-3.2.0-pyha21a80b_0
  tk-8.6.12-h27826a3_0
  tokenizers-0.13.3-py311h1b04a43_0
  torchaudio-2.0.2-py311_cu118
  torchmetrics-1.0.3-pyhd8ed1ab_0
  torchtriton-2.0.0-py311
  torchvision-0.15.2-py311_cu118
  tqdm-4.66.1-pyhd8ed1ab_0
  transformers-4.31.0-pyhd8ed1ab_0
  typing-extensions-4.7.1-hd8ed1ab_0
  typing_extensions-4.7.1-pyha770c72_0
  tzdata-2023c-h71feb2d_0
  ucx-1.14.1-h4a2ce2d_3
  urllib3-1.26.15-pyhd8ed1ab_0
  werkzeug-2.3.6-pyhd8ed1ab_0
  wheel-0.41.1-pyhd8ed1ab_0
  xorg-libxau-1.0.11-hd590300_0
  xorg-libxdmcp-1.1.3-h7f98852_0
  xxhash-0.8.1-h0b41bf4_0
  xz-5.2.6-h166bdaf_0
  yaml-0.2.5-h7f98852_2
  yarl-1.9.2-py311h459d7ec_0
  zipp-3.16.2-pyhd8ed1ab_0
  zlib-1.2.13-hd590300_5
  zstd-1.5.2-hfc55251_7


Proceed ([y]/n)? 
Preparing transaction: ...working... done
Verifying transaction: ...working... done
Executing transaction: ...working... done

JOB STATISTICS
==============
Job ID: 3419298
Cluster: snellius
User/Group: abhijith/abhijith
State: COMPLETED (exit code 0)
Nodes: 1
Cores per node: 16
CPU Utilized: 00:00:28
CPU Efficiency: 1.24% of 00:37:36 core-walltime
Job Wall-clock time: 00:02:21
Memory Utilized: 99.58 MB
Memory Efficiency: 0.35% of 28.00 GB
