***************************************************************************************************** 
* WARNING: The 2021 software stack is not available on the 'genoa' partition.
Please use the 2022 * 
* software stack. * 
* * 
* If you have any question, please contact us via
http://servicedesk.surfsara.nl. * 
***************************************************************************************************** 
GPU available: True (cuda), used: True
TPU available: False, using: 0 TPU cores
IPU available: False, using: 0 IPUs
HPU available: False, using: 0 HPUs
You are using a CUDA device ('NVIDIA A100-SXM4-40GB') that has Tensor Cores. To properly utilize them, you should set `torch.set_float32_matmul_precision('medium' | 'high')` which will trade-off precision for performance. For more details, read https://pytorch.org/docs/stable/generated/torch.set_float32_matmul_precision.html#torch.set_float32_matmul_precision
/home/abhijith/.conda/envs/cma/lib/python3.11/site-packages/lightning/pytorch/callbacks/model_checkpoint.py:615: UserWarning: Checkpoint directory /gpfs/home3/abhijith/cma/checkpoints exists and is not empty.
  rank_zero_warn(f"Checkpoint directory {dirpath} exists and is not empty.")
LOCAL_RANK: 0 - CUDA_VISIBLE_DEVICES: [0]
Loading `train_dataloader` to estimate number of stepping batches.
/home/abhijith/.conda/envs/cma/lib/python3.11/site-packages/lightning/pytorch/trainer/connectors/data_connector.py:432: PossibleUserWarning: The dataloader, train_dataloader, does not have many workers which may be a bottleneck. Consider increasing the value of the `num_workers` argument` (try 72 which is the number of cpus on this machine) in the `DataLoader` init to improve performance.
  rank_zero_warn(

  | Name  | Type            | Params
------------------------------------------
0 | model | GPT2LMHeadModel | 124 M 
------------------------------------------
12.4 M    Trainable params
112 M     Non-trainable params
124 M     Total params
497.759   Total estimated model params size (MB)
SLURM auto-requeueing enabled. Setting signal handlers.
/home/abhijith/.conda/envs/cma/lib/python3.11/site-packages/lightning/pytorch/trainer/connectors/data_connector.py:432: PossibleUserWarning: The dataloader, val_dataloader, does not have many workers which may be a bottleneck. Consider increasing the value of the `num_workers` argument` (try 72 which is the number of cpus on this machine) in the `DataLoader` init to improve performance.
  rank_zero_warn(
GPU available: True (cuda), used: True
TPU available: False, using: 0 TPU cores
IPU available: False, using: 0 IPUs
HPU available: False, using: 0 HPUs
/home/abhijith/.conda/envs/cma/lib/python3.11/site-packages/lightning/pytorch/callbacks/model_checkpoint.py:615: UserWarning: Checkpoint directory /gpfs/home3/abhijith/cma/checkpoints exists and is not empty.
  rank_zero_warn(f"Checkpoint directory {dirpath} exists and is not empty.")
LOCAL_RANK: 0 - CUDA_VISIBLE_DEVICES: [0]
Loading `train_dataloader` to estimate number of stepping batches.
/home/abhijith/.conda/envs/cma/lib/python3.11/site-packages/lightning/pytorch/trainer/connectors/data_connector.py:432: PossibleUserWarning: The dataloader, train_dataloader, does not have many workers which may be a bottleneck. Consider increasing the value of the `num_workers` argument` (try 72 which is the number of cpus on this machine) in the `DataLoader` init to improve performance.
  rank_zero_warn(

  | Name  | Type            | Params
------------------------------------------
0 | model | GPT2LMHeadModel | 124 M 
------------------------------------------
9.4 M     Trainable params
114 M     Non-trainable params
124 M     Total params
497.759   Total estimated model params size (MB)
SLURM auto-requeueing enabled. Setting signal handlers.
/home/abhijith/.conda/envs/cma/lib/python3.11/site-packages/lightning/pytorch/trainer/connectors/data_connector.py:432: PossibleUserWarning: The dataloader, val_dataloader, does not have many workers which may be a bottleneck. Consider increasing the value of the `num_workers` argument` (try 72 which is the number of cpus on this machine) in the `DataLoader` init to improve performance.
  rank_zero_warn(
GPU available: True (cuda), used: True
TPU available: False, using: 0 TPU cores
IPU available: False, using: 0 IPUs
HPU available: False, using: 0 HPUs
/home/abhijith/.conda/envs/cma/lib/python3.11/site-packages/lightning/pytorch/callbacks/model_checkpoint.py:615: UserWarning: Checkpoint directory /gpfs/home3/abhijith/cma/checkpoints exists and is not empty.
  rank_zero_warn(f"Checkpoint directory {dirpath} exists and is not empty.")
LOCAL_RANK: 0 - CUDA_VISIBLE_DEVICES: [0]
Loading `train_dataloader` to estimate number of stepping batches.
/home/abhijith/.conda/envs/cma/lib/python3.11/site-packages/lightning/pytorch/trainer/connectors/data_connector.py:432: PossibleUserWarning: The dataloader, train_dataloader, does not have many workers which may be a bottleneck. Consider increasing the value of the `num_workers` argument` (try 72 which is the number of cpus on this machine) in the `DataLoader` init to improve performance.
  rank_zero_warn(

  | Name  | Type            | Params
------------------------------------------
0 | model | GPT2LMHeadModel | 124 M 
------------------------------------------
12.4 M    Trainable params
112 M     Non-trainable params
124 M     Total params
497.759   Total estimated model params size (MB)
SLURM auto-requeueing enabled. Setting signal handlers.
/home/abhijith/.conda/envs/cma/lib/python3.11/site-packages/lightning/pytorch/trainer/connectors/data_connector.py:432: PossibleUserWarning: The dataloader, val_dataloader, does not have many workers which may be a bottleneck. Consider increasing the value of the `num_workers` argument` (try 72 which is the number of cpus on this machine) in the `DataLoader` init to improve performance.
  rank_zero_warn(
